{"type":"server-started","port":55212,"host":"127.0.0.1","url_host":"localhost","url":"http://localhost:55212","screen_dir":"/Users/danmaor/Projects/DID/dedi/.superpowers/brainstorm/68171-1781298860/content","state_dir":"/Users/danmaor/Projects/DID/dedi/.superpowers/brainstorm/68171-1781298860/state"}
{"type":"screen-added","file":"/Users/danmaor/Projects/DID/dedi/.superpowers/brainstorm/68171-1781298860/content/game-perspective.html"}
{"source":"user-event","type":"click","text":"arena\n      HP 100\n      18 / 60\n      \n      \n      \n    \n    \n      Third-Person Shooter\n      Camera sits behind/above the character. You see your player. Great for character design payoff. Think Fortnite, Gears of War. Easier to implement than FPS.","choice":"tps","id":null,"timestamp":1781298944636}
{"source":"user-event","type":"click","text":"corridor ahead\n      HP 100\n      24 / 90\n    \n    \n      First-Person Shooter\n      You see through the character's eyes. Maximum immersion. Classic DOOM / Quake feel. Most demanding technically — needs solid raycasting or full 3D engine.","choice":"fps","id":null,"timestamp":1781298946287}
{"source":"user-event","type":"click","text":"corridor ahead\n      HP 100\n      24 / 90\n    \n    \n      First-Person Shooter\n      You see through the character's eyes. Maximum immersion. Classic DOOM / Quake feel. Most demanding technically — needs solid raycasting or full 3D engine.","choice":"fps","id":null,"timestamp":1781298984971}
{"source":"user-event","type":"click","text":"corridor ahead\n      HP 100\n      24 / 90\n    \n    \n      First-Person Shooter\n      You see through the character's eyes. Maximum immersion. Classic DOOM / Quake feel. Most demanding technically — needs solid raycasting or full 3D engine.","choice":"fps","id":null,"timestamp":1781298986279}
{"source":"user-event","type":"click","text":"corridor ahead\n      HP 100\n      24 / 90\n    \n    \n      First-Person Shooter\n      You see through the character's eyes. Maximum immersion. Classic DOOM / Quake feel. Most demanding technically — needs solid raycasting or full 3D engine.","choice":"fps","id":null,"timestamp":1781298986496}
{"type":"screen-added","file":"/Users/danmaor/Projects/DID/dedi/.superpowers/brainstorm/68171-1781298860/content/visual-theme.html"}
{"source":"user-event","type":"click","text":"🎯\n        MILITARY\n        TACTICAL · GRITTY · REALISTIC\n      \n    \n    \n      Military / Tactical\n      Modern warfare, realistic weapons. Think Call of Duty, CS:GO. Familiar to players, but competitive space is crowded. Needs solid hit detection above all.","choice":"military","id":null,"timestamp":1781299004938}
{"source":"user-event","type":"click","text":"🎯\n        MILITARY\n        TACTICAL · GRITTY · REALISTIC\n      \n    \n    \n      Military / Tactical\n      Modern warfare, realistic weapons. Think Call of Duty, CS:GO. Familiar to players, but competitive space is crowded. Needs solid hit detection above all.","choice":"military","id":null,"timestamp":1781299006571}
{"source":"user-event","type":"click","text":"🎯\n        MILITARY\n        TACTICAL · GRITTY · REALISTIC\n      \n    \n    \n      Military / Tactical\n      Modern warfare, realistic weapons. Think Call of Duty, CS:GO. Familiar to players, but competitive space is crowded. Needs solid hit detection above all.","choice":"military","id":null,"timestamp":1781299006737}
{"source":"user-event","type":"click","text":"🎯\n        MILITARY\n        TACTICAL · GRITTY · REALISTIC\n      \n    \n    \n      Military / Tactical\n      Modern warfare, realistic weapons. Think Call of Duty, CS:GO. Familiar to players, but competitive space is crowded. Needs solid hit detection above all.","choice":"military","id":null,"timestamp":1781299007449}
{"source":"user-event","type":"click","text":"🎯\n        MILITARY\n        TACTICAL · GRITTY · REALISTIC\n      \n    \n    \n      Military / Tactical\n      Modern warfare, realistic weapons. Think Call of Duty, CS:GO. Familiar to players, but competitive space is crowded. Needs solid hit detection above all.","choice":"military","id":null,"timestamp":1781299007587}
{"source":"user-event","type":"click","text":"🎯\n        MILITARY\n        TACTICAL · GRITTY · REALISTIC\n      \n    \n    \n      Military / Tactical\n      Modern warfare, realistic weapons. Think Call of Duty, CS:GO. Familiar to players, but competitive space is crowded. Needs solid hit detection above all.","choice":"military","id":null,"timestamp":1781299008346}
{"source":"user-event","type":"click","text":"🎯\n        MILITARY\n        TACTICAL · GRITTY · REALISTIC\n      \n    \n    \n      Military / Tactical\n      Modern warfare, realistic weapons. Think Call of Duty, CS:GO. Familiar to players, but competitive space is crowded. Needs solid hit detection above all.","choice":"military","id":null,"timestamp":1781299008780}
{"source":"user-event","type":"click","text":"🎯\n        MILITARY\n        TACTICAL · GRITTY · REALISTIC\n      \n    \n    \n      Military / Tactical\n      Modern warfare, realistic weapons. Think Call of Duty, CS:GO. Familiar to players, but competitive space is crowded. Needs solid hit detection above all.","choice":"military","id":null,"timestamp":1781299008912}
{"type":"screen-added","file":"/Users/danmaor/Projects/DID/dedi/.superpowers/brainstorm/68171-1781298860/content/waiting-1.html"}
{"type":"screen-added","file":"/Users/danmaor/Projects/DID/dedi/.superpowers/brainstorm/68171-1781298860/content/game-mode.html"}
{"source":"user-event","type":"click","text":"WAVE 7\n        \n          ENEMIES: 12▶INCOMING\n        \n        \n          \n          \n          \n          \n        \n      \n    \n    \n      Wave Survival\n      Endless or tiered enemy waves. Defend a position or arena. Simple to design, infinitely replayable. Score attack / high score loop.","choice":"waves","id":null,"timestamp":1781299490836}
{"type":"screen-added","file":"/Users/danmaor/Projects/DID/dedi/.superpowers/brainstorm/68171-1781298860/content/waiting-2.html"}
{"type":"screen-added","file":"/Users/danmaor/Projects/DID/dedi/.superpowers/brainstorm/68171-1781298860/content/hud-mockup.html"}
